<?xml version="1.0" encoding="UTF-8"?>
<testsuite xmlns:xsi="http://www.w3.org/2001/XMLSchema-instance" xsi:noNamespaceSchemaLocation="https://maven.apache.org/surefire/maven-surefire-plugin/xsd/surefire-test-report-3.0.xsd" version="3.0" name="com.example.my_spring_app.MySpringAppApplicationTests" time="4.987" tests="1" errors="0" skipped="0" failures="0">
  <properties>
[...]
</properties>
  <testcase name="contextLoads" classname="com.example.my_spring_app.MySpringAppApplicationTests" time="0.379">
    <system-out><![CDATA[22:40:29.180 [main] INFO org.springframework.test.context.support.AnnotationConfigContextLoaderUtils -- Could not detect default configuration classes for test class [com.example.my_spring_app.MySpringAppApplicationTests]: MySpringAppApplicationTests does not declare any static, non-private, non-final, nested classes annotated with @Configuration.
22:40:29.257 [main] INFO org.springframework.boot.test.context.SpringBootTestContextBootstrapper -- Found @SpringBootConfiguration com.example.my_spring_app.MySpringAppApplication for test class com.example.my_spring_app.MySpringAppApplicationTests

  .   ____          _            __ _ _
 /\\ / ___'_ __ _ _(_)_ __  __ _ \ \ \ \
( ( )\___ | '_ | '_| | '_ \/ _` | \ \ \ \
 \\/  ___)| |_)| | | | | || (_| |  ) ) ) )
  '  |____| .__|_| |_|_| |_\__, | / / / /
 =========|_|==============|___/=/_/_/_/

 :: Spring Boot ::                (v3.3.3)

2024-08-23T22:40:29.630+09:00  INFO 17524 --- [my-spring-app] [           main] c.e.m.MySpringAppApplicationTests        : Starting MySpringAppApplicationTests using Java 22.0.2 with PID 17524 (started by chany in C:\Users\chany\OneDrive\Mathmatics\Programming\project\my-spring-app)
2024-08-23T22:40:29.633+09:00  INFO 17524 --- [my-spring-app] [           main] c.e.m.MySpringAppApplicationTests        : No active profile set, falling back to 1 default profile: "default"
2024-08-23T22:40:30.305+09:00  INFO 17524 --- [my-spring-app] [           main] .s.d.r.c.RepositoryConfigurationDelegate : Bootstrapping Spring Data JPA repositories in DEFAULT mode.
2024-08-23T22:40:30.351+09:00  INFO 17524 --- [my-spring-app] [           main] .s.d.r.c.RepositoryConfigurationDelegate : Finished Spring Data repository scanning in 40 ms. Found 3 JPA repository interfaces.
2024-08-23T22:40:30.851+09:00  INFO 17524 --- [my-spring-app] [           main] o.hibernate.jpa.internal.util.LogHelper  : HHH000204: Processing PersistenceUnitInfo [name: default]
2024-08-23T22:40:30.915+09:00  INFO 17524 --- [my-spring-app] [           main] org.hibernate.Version                    : HHH000412: Hibernate ORM core version 6.5.2.Final
2024-08-23T22:40:30.959+09:00  INFO 17524 --- [my-spring-app] [           main] o.h.c.internal.RegionFactoryInitiator    : HHH000026: Second-level cache disabled
2024-08-23T22:40:31.234+09:00  INFO 17524 --- [my-spring-app] [           main] o.s.o.j.p.SpringPersistenceUnitInfo      : No LoadTimeWeaver setup: ignoring JPA class transformer
2024-08-23T22:40:31.263+09:00  INFO 17524 --- [my-spring-app] [           main] com.zaxxer.hikari.HikariDataSource       : HikariPool-1 - Starting...
2024-08-23T22:40:31.656+09:00  INFO 17524 --- [my-spring-app] [           main] com.zaxxer.hikari.pool.HikariPool        : HikariPool-1 - Added connection org.postgresql.jdbc.PgConnection@5fa0141f
2024-08-23T22:40:31.657+09:00  INFO 17524 --- [my-spring-app] [           main] com.zaxxer.hikari.HikariDataSource       : HikariPool-1 - Start completed.
2024-08-23T22:40:31.696+09:00  WARN 17524 --- [my-spring-app] [           main] org.hibernate.orm.deprecation            : HHH90000025: PostgreSQLDialect does not need to be specified explicitly using 'hibernate.dialect' (remove the property setting and it will be selected by default)
2024-08-23T22:40:32.464+09:00  INFO 17524 --- [my-spring-app] [           main] o.h.e.t.j.p.i.JtaPlatformInitiator       : HHH000489: No JTA platform available (set 'hibernate.transaction.jta.platform' to enable JTA platform integration)
2024-08-23T22:40:32.466+09:00  INFO 17524 --- [my-spring-app] [           main] j.LocalContainerEntityManagerFactoryBean : Initialized JPA EntityManagerFactory for persistence unit 'default'
2024-08-23T22:40:33.111+09:00  WARN 17524 --- [my-spring-app] [           main] JpaBaseConfiguration$JpaWebConfiguration : spring.jpa.open-in-view is enabled by default. Therefore, database queries may be performed during view rendering. Explicitly configure spring.jpa.open-in-view to disable this warning
2024-08-23T22:40:33.647+09:00  INFO 17524 --- [my-spring-app] [           main] c.e.m.MySpringAppApplicationTests        : Started MySpringAppApplicationTests in 4.29 seconds (process running for 4.972)
]]></system-out>
    <system-err><![CDATA[WARNING: A Java agent has been loaded dynamically (C:\Users\chany\.m2\repository\net\bytebuddy\byte-buddy-agent\1.14.19\byte-buddy-agent-1.14.19.jar)
WARNING: If a serviceability tool is in use, please run with -XX:+EnableDynamicAgentLoading to hide this warning
WARNING: If a serviceability tool is not in use, please run with -Djdk.instrument.traceUsage for more information
WARNING: Dynamic loading of agents will be disallowed by default in a future release
]]></system-err>
  </testcase>
</testsuite>